{"/home/prashah/tuts/node/freighthub-coding-challenge/src/challenge.ts": {"path":"/home/prashah/tuts/node/freighthub-coding-challenge/src/challenge.ts","statementMap":{"0":{"start":{"line":1,"column":0},"end":{"line":1,"column":36}},"1":{"start":{"line":2,"column":14},"end":{"line":2,"column":25}},"2":{"start":{"line":5,"column":2},"end":{"line":7,"column":5}},"3":{"start":{"line":6,"column":4},"end":{"line":6,"column":36}},"4":{"start":{"line":6,"column":21},"end":{"line":6,"column":30}},"5":{"start":{"line":11,"column":21},"end":{"line":11,"column":53}},"6":{"start":{"line":12,"column":2},"end":{"line":12,"column":27}},"7":{"start":{"line":17,"column":22},"end":{"line":17,"column":32}},"8":{"start":{"line":18,"column":4},"end":{"line":18,"column":24}},"9":{"start":{"line":19,"column":20},"end":{"line":19,"column":30}},"10":{"start":{"line":20,"column":4},"end":{"line":22,"column":6}},"11":{"start":{"line":24,"column":4},"end":{"line":24,"column":34}},"12":{"start":{"line":35,"column":2},"end":{"line":45,"column":4}},"13":{"start":{"line":35,"column":58},"end":{"line":45,"column":4}},"14":{"start":{"line":36,"column":4},"end":{"line":44,"column":null}},"15":{"start":{"line":37,"column":22},"end":{"line":37,"column":43}},"16":{"start":{"line":38,"column":18},"end":{"line":38,"column":61}},"17":{"start":{"line":39,"column":6},"end":{"line":39,"column":16}},"18":{"start":{"line":40,"column":6},"end":{"line":40,"column":97}},"19":{"start":{"line":42,"column":6},"end":{"line":42,"column":23}},"20":{"start":{"line":43,"column":6},"end":{"line":43,"column":17}},"21":{"start":{"line":33,"column":0},"end":{"line":33,"column":13}},"22":{"start":{"line":48,"column":50},"end":{"line":48,"column":71}},"23":{"start":{"line":50,"column":0},"end":{"line":50,"column":38}},"24":{"start":{"line":51,"column":0},"end":{"line":51,"column":38}},"25":{"start":{"line":52,"column":0},"end":{"line":52,"column":38}},"26":{"start":{"line":53,"column":0},"end":{"line":53,"column":38}}},"fnMap":{"0":{"name":"sleep","decl":{"start":{"line":4,"column":15},"end":{"line":4,"column":20}},"loc":{"start":{"line":4,"column":31},"end":{"line":8,"column":null}}},"1":{"name":"(anonymous_2)","decl":{"start":{"line":5,"column":21},"end":{"line":5,"column":22}},"loc":{"start":{"line":5,"column":41},"end":{"line":7,"column":3}}},"2":{"name":"(anonymous_3)","decl":{"start":{"line":6,"column":15},"end":{"line":6,"column":18}},"loc":{"start":{"line":6,"column":21},"end":{"line":6,"column":30}}},"3":{"name":"randomDelay","decl":{"start":{"line":10,"column":15},"end":{"line":10,"column":26}},"loc":{"start":{"line":10,"column":26},"end":{"line":13,"column":null}}},"4":{"name":"(anonymous_6)","decl":{"start":{"line":16,"column":8},"end":{"line":16,"column":22}},"loc":{"start":{"line":16,"column":52},"end":{"line":25,"column":null}}},"5":{"name":"(anonymous_8)","decl":{"start":{"line":33,"column":0},"end":{"line":33,"column":13}},"loc":{"start":{"line":33,"column":0},"end":{"line":46,"column":1}}},"6":{"name":"(anonymous_9)","decl":{"start":{"line":35,"column":18},"end":{"line":35,"column":25}},"loc":{"start":{"line":35,"column":58},"end":{"line":45,"column":4}}},"7":{"name":"(anonymous_10)","decl":{"start":{"line":35,"column":58},"end":{"line":35,"column":null}},"loc":{"start":{"line":35,"column":58},"end":{"line":45,"column":3}}}},"branchMap":{},"s":{"0":1,"1":1,"2":8,"3":8,"4":8,"5":8,"6":8,"7":8,"8":8,"9":8,"10":8,"11":8,"12":2,"13":8,"14":8,"15":8,"16":8,"17":8,"18":8,"19":0,"20":0,"21":1,"22":1,"23":1,"24":1,"25":1,"26":1},"f":{"0":8,"1":8,"2":8,"3":8,"4":8,"5":2,"6":8,"7":8},"b":{}}
}
