TN:
SF:/home/prashah/tuts/node/freighthub-coding-challenge/src/challenge.ts
FN:4,sleep
FN:5,(anonymous_2)
FN:6,(anonymous_3)
FN:10,randomDelay
FN:16,(anonymous_6)
FN:33,(anonymous_8)
FN:35,(anonymous_9)
FN:35,(anonymous_10)
FNF:8
FNH:8
FNDA:8,sleep
FNDA:8,(anonymous_2)
FNDA:8,(anonymous_3)
FNDA:8,randomDelay
FNDA:8,(anonymous_6)
FNDA:2,(anonymous_8)
FNDA:8,(anonymous_9)
FNDA:8,(anonymous_10)
DA:1,1
DA:2,1
DA:5,8
DA:6,8
DA:11,8
DA:12,8
DA:17,8
DA:18,8
DA:19,8
DA:20,8
DA:24,8
DA:33,1
DA:35,8
DA:36,8
DA:37,8
DA:38,8
DA:39,8
DA:40,8
DA:42,0
DA:43,0
DA:48,1
DA:50,1
DA:51,1
DA:52,1
DA:53,1
LF:25
LH:23
BRF:0
BRH:0
end_of_record
